2026-06-17T09:13:25Z INF Thank you for trying Cloudflare Tunnel. Doing so, without a Cloudflare account, is a quick way to experiment and try it out. However, be aware that these account-less Tunnels have no uptime guarantee, are subject to the Cloudflare Online Services Terms of Use (https://www.cloudflare.com/website-terms/), and Cloudflare reserves the right to investigate your use of Tunnels for violations of such terms. If you intend to use Tunnels in production you should use a pre-created named tunnel by following: https://developers.cloudflare.com/cloudflare-one/connections/connect-apps
2026-06-17T09:13:25Z INF Requesting new quick Tunnel on trycloudflare.com...
2026-06-17T09:13:30Z INF +--------------------------------------------------------------------------------------------+
2026-06-17T09:13:30Z INF |  Your quick Tunnel has been created! Visit it at (it may take some time to be reachable):  |
2026-06-17T09:13:30Z INF |  https://snap-pipes-mary-tribal.trycloudflare.com                                          |
2026-06-17T09:13:30Z INF +--------------------------------------------------------------------------------------------+
2026-06-17T09:13:30Z INF Cannot determine default configuration path. No file [config.yml config.yaml] in [~/.cloudflared ~/.cloudflare-warp ~/cloudflare-warp]
2026-06-17T09:13:30Z INF Version 2026.5.2 (Checksum 20b9638f685333d623798e733effbad2487093f15ba592f6c7752360ff3b7ab7)
2026-06-17T09:13:30Z INF GOOS: windows, GOVersion: go1.26.3, GoArch: amd64
2026-06-17T09:13:30Z INF Settings: map[ha-connections:1 protocol:quic url:http://localhost:3000]
2026-06-17T09:13:30Z INF cloudflared will not automatically update on Windows systems.
2026-06-17T09:13:30Z INF Generated Connector ID: 68322e79-9b9a-4b7f-8913-a62d8f65a66e
2026-06-17T09:13:30Z INF Initial protocol quic
2026-06-17T09:13:30Z INF ICMP proxy will use 192.168.0.118 as source for IPv4
2026-06-17T09:13:30Z INF ICMP proxy will use 2a02:a312:ca88:cd80::5dd in zone Ethernet as source for IPv6
2026-06-17T09:13:30Z INF cloudflared does not support loading the system root certificate pool on Windows. Please use --origin-ca-pool <PATH> to specify the path to the certificate pool
2026-06-17T09:13:30Z INF ICMP proxy will use 192.168.0.118 as source for IPv4
2026-06-17T09:13:30Z INF Tunnel connection curve preferences: [X25519MLKEM768 CurveID(65074) CurveP256] connIndex=0 event=0 ip=2606:4700:a8::9
2026-06-17T09:13:30Z INF ICMP proxy will use 2a02:a312:ca88:cd80::5dd in zone Ethernet as source for IPv6
2026-06-17T09:13:30Z INF Starting metrics server on 127.0.0.1:20241/metrics
2026-06-17T09:13:30Z INF +-------------------------------------------------------------------------------------+
2026-06-17T09:13:30Z INF |                               CONNECTIVITY PRE-CHECKS                               |
2026-06-17T09:13:30Z INF +-------------------------------------------------------------------------------------+
2026-06-17T09:13:30Z INF |  COMPONENT         TARGET                     STATUS  DETAILS                       |
2026-06-17T09:13:30Z INF |  DNS Resolution    region1.v2.argotunnel.com  PASS    DNS Resolved successfully     |
2026-06-17T09:13:30Z INF |  DNS Resolution    region2.v2.argotunnel.com  PASS    DNS Resolved successfully     |
2026-06-17T09:13:30Z INF |  UDP Connectivity  region1.v2.argotunnel.com  PASS    QUIC connection successful    |
2026-06-17T09:13:30Z INF |  UDP Connectivity  region2.v2.argotunnel.com  PASS    QUIC connection successful    |
2026-06-17T09:13:30Z INF |  TCP Connectivity  region1.v2.argotunnel.com  PASS    HTTP/2 connection successful  |
2026-06-17T09:13:30Z INF |  TCP Connectivity  region2.v2.argotunnel.com  PASS    HTTP/2 connection successful  |
2026-06-17T09:13:30Z INF |  Cloudflare API    api.cloudflare.com:443     PASS    API is reachable              |
2026-06-17T09:13:30Z INF |                                                                                     |
2026-06-17T09:13:30Z INF |  SUMMARY: Environment is healthy. cloudflared will use 'quic' as primary protocol.  |
2026-06-17T09:13:30Z INF +-------------------------------------------------------------------------------------+
2026-06-17T09:13:30Z INF precheck component="DNS Resolution" details="DNS Resolved successfully" run_id=74ec7eb7-0d91-49f5-981c-da83e7d50481 status=pass target=region1.v2.argotunnel.com
2026-06-17T09:13:30Z INF precheck component="DNS Resolution" details="DNS Resolved successfully" run_id=74ec7eb7-0d91-49f5-981c-da83e7d50481 status=pass target=region2.v2.argotunnel.com
2026-06-17T09:13:30Z INF precheck component="UDP Connectivity" details="QUIC connection successful" run_id=74ec7eb7-0d91-49f5-981c-da83e7d50481 status=pass target=region1.v2.argotunnel.com
2026-06-17T09:13:30Z INF precheck component="UDP Connectivity" details="QUIC connection successful" run_id=74ec7eb7-0d91-49f5-981c-da83e7d50481 status=pass target=region2.v2.argotunnel.com
2026-06-17T09:13:30Z INF precheck component="TCP Connectivity" details="HTTP/2 connection successful" run_id=74ec7eb7-0d91-49f5-981c-da83e7d50481 status=pass target=region1.v2.argotunnel.com
2026-06-17T09:13:30Z INF precheck component="TCP Connectivity" details="HTTP/2 connection successful" run_id=74ec7eb7-0d91-49f5-981c-da83e7d50481 status=pass target=region2.v2.argotunnel.com
2026-06-17T09:13:30Z INF precheck component="Cloudflare API" details="API is reachable" run_id=74ec7eb7-0d91-49f5-981c-da83e7d50481 status=pass target=api.cloudflare.com:443
2026-06-17T09:13:30Z INF precheck complete hard_fail=false run_id=74ec7eb7-0d91-49f5-981c-da83e7d50481 suggested_protocol=quic
2026-06-17T09:13:31Z INF Registered tunnel connection connIndex=0 connection=e6449365-573d-4756-a5bf-5aa551ae1630 event=0 ip=2606:4700:a8::9 location=waw05 protocol=quic
2026-06-17T11:26:02Z INF Initiating graceful shutdown due to signal terminated ...
2026-06-17T11:26:02Z ERR failed to run the datagram handler error="context canceled" connIndex=0 event=0 ip=2606:4700:a8::9
2026-06-17T11:26:02Z ERR failed to serve tunnel connection error="accept stream listener encountered a failure while serving" connIndex=0 event=0 ip=2606:4700:a8::9
2026-06-17T11:26:02Z ERR Serve tunnel error error="accept stream listener encountered a failure while serving" connIndex=0 event=0 ip=2606:4700:a8::9
2026-06-17T11:26:02Z INF Retrying connection in up to 1s connIndex=0 event=0 ip=2606:4700:a8::9
2026-06-17T11:26:02Z ERR Connection terminated connIndex=0
2026-06-17T11:26:02Z ERR no more connections active and exiting
2026-06-17T11:26:02Z INF Tunnel server stopped
2026-06-17T11:26:02Z INF Metrics server stopped
